c:\users\artsh\source\repos\symply2\symply2\x64\debug\vc143.pdb
c:\users\artsh\source\repos\symply2\symply2\x64\debug\source.obj
c:\users\artsh\source\repos\symply2\x64\debug\symply2.sys
c:\users\artsh\source\repos\symply2\x64\debug\symply2.pdb
c:\users\artsh\source\repos\symply2\symply2\x64\debug\symply2.inf
c:\users\artsh\source\repos\symply2\x64\debug\symply2.cer
c:\users\artsh\source\repos\symply2\x64\debug\symply2.inf
c:\users\artsh\source\repos\symply2\symply2\x64\debug\symply2.tlog\cl.command.1.tlog
c:\users\artsh\source\repos\symply2\symply2\x64\debug\symply2.tlog\cl.items.tlog
c:\users\artsh\source\repos\symply2\symply2\x64\debug\symply2.tlog\cl.read.1.tlog
c:\users\artsh\source\repos\symply2\symply2\x64\debug\symply2.tlog\cl.write.1.tlog
c:\users\artsh\source\repos\symply2\symply2\x64\debug\symply2.tlog\link.command.1.tlog
c:\users\artsh\source\repos\symply2\symply2\x64\debug\symply2.tlog\link.read.1.tlog
c:\users\artsh\source\repos\symply2\symply2\x64\debug\symply2.tlog\link.secondary.1.tlog
c:\users\artsh\source\repos\symply2\symply2\x64\debug\symply2.tlog\link.write.1.tlog
c:\users\artsh\source\repos\symply2\symply2\x64\debug\symply2.tlog\signtool.command.1.tlog
c:\users\artsh\source\repos\symply2\symply2\x64\debug\symply2.tlog\signtool.read.1.tlog
c:\users\artsh\source\repos\symply2\symply2\x64\debug\symply2.tlog\signtool.timestamp.1.tlog
c:\users\artsh\source\repos\symply2\symply2\x64\debug\symply2.tlog\signtool.write.1.tlog
c:\users\artsh\source\repos\symply2\symply2\x64\debug\symply2.tlog\stampinf.command.1.tlog
c:\users\artsh\source\repos\symply2\symply2\x64\debug\symply2.tlog\stampinf.read.1.tlog
c:\users\artsh\source\repos\symply2\symply2\x64\debug\symply2.tlog\stampinf.write.1.tlog
